Update on 23-09-2025  0:40:59.85 
Update on 23-09-2025  0:41:11.20 
Update on 23-09-2025  0:42:20.30 
Update on 23-09-2025 10:18:30.08 
Update on 23-09-2025 10:19:00.64 
Update on 23-09-2025 10:24:39.03 
Update on 23-09-2025 10:46:34.37 
Update on 23-09-2025 12:19:42.02 
Update on 23-09-2025 12:29:54.77 
Update on 23-09-2025 13:38:50.44 
Update on 23-09-2025 17:31:48.87 
Update on 24-09-2025 10:17:12.83 
Update on 24-09-2025 10:17:18.12 
Update on 24-09-2025 10:17:48.13 
Update on 24-09-2025 18:50:31.67 
Update on 25-09-2025 19:53:27.88 
<<<<<<< HEAD
Update on 29-09-2025 12:51:24.94 
Update on 29-09-2025 12:53:35.63 
Update on 29-09-2025 12:53:42.72 
=======
Update on 27-09-2025 13:04:20.61 
Update on 27-09-2025 13:04:36.13 
Update on 28-09-2025 10:04:06.73 
Update on 28-09-2025 10:32:05.61 
Update on 28-09-2025 10:32:40.18 
Update on 28-09-2025 10:32:44.21 
Update on 28-09-2025 20:56:31.47 
Update on 28-09-2025 21:56:34.05 
<<<<<<< HEAD
Update on 29-09-2025 20:40:44.89 
Update on 30-09-2025 18:40:51.15 
=======
>>>>>>> 97c65b885df25ad10483854a44231b532e344be9
Update on 29-09-2025 12:54:18.86 
Update on 29-09-2025 12:54:57.69 
>>>>>>> bdc37c104297d56ecf888e64982b1a9c41c75960
Update on 30-09-2025 20:04:41.33 
Update on 01-10-2025 10:42:17.58 
Update on 01-10-2025 13:18:52.52 
Update on 02-10-2025 11:18:54.22 
Update on 02-10-2025 18:20:10.54 
Update on 02-10-2025 18:26:40.84 
Update on 02-10-2025 18:27:15.08 
Update on 02-10-2025 18:27:23.51 
Update on 03-10-2025 13:22:46.49 
Update on 03-10-2025 13:25:07.97 
Update on 02-10-2025 22:31:20.82 
Update on 04-10-2025  0:58:30.11 
Update on 04-10-2025 14:28:24.33 
Update on 04-10-2025 14:30:58.92 
Update on 04-10-2025 16:32:26.13 
Update on 05-10-2025 12:11:17.70 
Update on 05-10-2025 23:14:03.54 
Update on 06-10-2025  9:02:25.00 
Update on 07-10-2025  0:11:02.48 
Update on 07-10-2025 11:16:01.56 
Update on 07-10-2025 11:36:12.72 
Update on 07-10-2025 13:35:44.50 
Update on 07-10-2025 18:06:38.83 
Update on 08-10-2025 10:54:38.41 
Update on 09-10-2025 18:26:41.77 
Update on 09-10-2025 20:01:33.82 
Update on 10-10-2025 11:35:15.88 
Update on 10-10-2025 11:42:46.29 
Update on 10-10-2025 13:34:22.77 
Update on 10-10-2025 16:16:21.94 
Update on 10-10-2025 20:48:04.25 
Update on 10-10-2025 21:02:14.99 
Update on 11-10-2025  0:35:55.18 
Update on 11-10-2025 12:06:10.98 
Update on 11-10-2025 18:31:53.49 
Update on 11-10-2025 20:30:56.16 
Update on 12-10-2025  3:21:45.56 
Update on 12-10-2025 11:48:59.64 
Update on 12-10-2025 13:34:08.93 
Update on 12-10-2025 18:25:08.00 
